ng serve --verbose
<w> while serializing webpack/lib/cache/PackFileCacheStrategy.PackContentItems -> webpack/lib/NormalModule -> Array { 1 items } -> webpack/lib/ModuleWarning -> SassWarning
    [webpack.cache.PackFileCacheStrategy] Skipped not serializable cache item 'Compilation/modules|D:\Projects\daButtare\testKendoTheme\node_modules\css-loader\dist\cjs.js??ruleSet[1].rules[6].rules[0].oneOf[0].use[1]!D:\Projects\daButtare\testKendoTheme\node_modules\postcss-loader\dist\cjs.js??ruleSet[1].rules[6].rules[0].oneOf[0].use[2]!D:\Projects\daButtare\testKendoTheme\node_modules\resolve-url-loader\index.js??ruleSet[1].rules[6].rules[1].use[0]!D:\Projects\daButtare\testKendoTheme\node_modules\sass-loader\dist\cjs.js??ruleSet[1].rules[6].rules[1].use[1]!D:\Projects\daButtare\testKendoTheme\src\styles.scss?ngGlobalStyle': Error: No serializer registered for SassWarning
    while serializing webpack/lib/cache/PackFileCacheStrategy.PackContentItems -> webpack/lib/NormalModule -> Array { 1 items } -> webpack/lib/ModuleWarning -> SassWarning
        at ObjectMiddleware.getSerializerFor (D:\Projects\daButtare\testKendoTheme\node_modules\webpack\lib\serialization\ObjectMiddleware.js:237:22)
        at process (D:\Projects\daButtare\testKendoTheme\node_modules\webpack\lib\serialization\ObjectMiddleware.js:465:23)
        at write (D:\Projects\daButtare\testKendoTheme\node_modules\webpack\lib\serialization\ObjectMiddleware.js:387:6)
        at ModuleWarning.serialize (D:\Projects\daButtare\testKendoTheme\node_modules\webpack\lib\ModuleWarning.js:45:3)
        at ClassSerializer.serialize (D:\Projects\daButtare\testKendoTheme\node_modules\webpack\lib\util\makeSerializable.js:15:7)
        at process (D:\Projects\daButtare\testKendoTheme\node_modules\webpack\lib\serialization\ObjectMiddleware.js:480:17)
        at write (D:\Projects\daButtare\testKendoTheme\node_modules\webpack\lib\serialization\ObjectMiddleware.js:387:6)
        at ArraySerializer.serialize (D:\Projects\daButtare\testKendoTheme\node_modules\webpack\lib\serialization\ArraySerializer.js:10:29)
        at process (D:\Projects\daButtare\testKendoTheme\node_modules\webpack\lib\serialization\ObjectMiddleware.js:480:17)
        at write (D:\Projects\daButtare\testKendoTheme\node_modules\webpack\lib\serialization\ObjectMiddleware.js:387:6)
        at NormalModule.serialize (D:\Projects\daButtare\testKendoTheme\node_modules\webpack\lib\Module.js:988:3)
        at NormalModule.serialize (D:\Projects\daButtare\testKendoTheme\node_modules\webpack\lib\NormalModule.js:1374:9)
        at ClassSerializer.serialize (D:\Projects\daButtare\testKendoTheme\node_modules\webpack\lib\util\makeSerializable.js:15:7)
        at process (D:\Projects\daButtare\testKendoTheme\node_modules\webpack\lib\serialization\ObjectMiddleware.js:480:17)
        at write (D:\Projects\daButtare\testKendoTheme\node_modules\webpack\lib\serialization\ObjectMiddleware.js:387:6)
        at PackContentItems.serialize (D:\Projects\daButtare\testKendoTheme\node_modules\webpack\lib\cache\PackFileCacheStrategy.js:625:6)
        at ClassSerializer.serialize (D:\Projects\daButtare\testKendoTheme\node_modules\webpack\lib\util\makeSerializable.js:15:7)
        at process (D:\Projects\daButtare\testKendoTheme\node_modules\webpack\lib\serialization\ObjectMiddleware.js:480:17)
        at ObjectMiddleware.serialize (D:\Projects\daButtare\testKendoTheme\node_modules\webpack\lib\serialization\ObjectMiddleware.js:539:5)
        at D:\Projects\daButtare\testKendoTheme\node_modules\webpack\lib\serialization\ObjectMiddleware.js:525:12
        at D:\Projects\daButtare\testKendoTheme\node_modules\webpack\lib\serialization\SerializerMiddleware.js:106:11
        at D:\Projects\daButtare\testKendoTheme\node_modules\webpack\lib\util\memoize.js:22:13
        at D:\Projects\daButtare\testKendoTheme\node_modules\webpack\lib\serialization\SerializerMiddleware.js:102:14
        at D:\Projects\daButtare\testKendoTheme\node_modules\webpack\lib\util\memoize.js:22:13
        at serialize (D:\Projects\daButtare\testKendoTheme\node_modules\webpack\lib\serialization\FileMiddleware.js:129:21)
    [webpack.cache.PackFileCacheStrategy] Serialization of 'Compilation/modules|D:\Projects\daButtare\testKendoTheme\node_modules\@angular-devkit\build-angular\src\babel\webpack-loader.js??ruleSet[1].rules[2].use[0]!D:\Projects\daButtare\testKendoTheme\node_modules\@ngtools\webpack\src\ivy\index.js!D:\Projects\daButtare\testKendoTheme\src\main.ts': 1.0858 ms
    [webpack.cache.PackFileCacheStrategy] Serialization of 'Compilation/modules|D:\Projects\daButtare\testKendoTheme\node_modules\@angular-devkit\build-angular\src\babel\webpack-loader.js??ruleSet[1].rules[2].use[0]!D:\Projects\daButtare\testKendoTheme\node_modules\source-map-loader\dist\cjs.js??ruleSet[1].rules[3]!D:\Projects\daButtare\testKendoTheme\node_modules\webpack-dev-server\client\index.js?protocol=auto%3A&username=&password=&hostname=0.0.0.0&port=0&pathname=%2Fng-cli-ws&logging=info&overlay=%7B%22errors%22%3Atrue%2C%22warnings%22%3Afalse%7D&reconnect=10&hot=false&live-reload=true': 1.6892 ms
    [webpack.cache.PackFileCacheStrategy] Serialization of 'Compilation/modules|D:\Projects\daButtare\testKendoTheme\node_modules\@angular-devkit\build-angular\src\babel\webpack-loader.js??ruleSet[1].rules[2].use[0]!D:\Projects\daButtare\testKendoTheme\node_modules\source-map-loader\dist\cjs.js??ruleSet[1].rules[3]!D:\Projects\daButtare\testKendoTheme\node_modules\webpack-dev-server\client\utils\parseURL.js': 1.0998 ms
    [webpack.cache.PackFileCacheStrategy] Serialization of 'Compilation/modules|javascript/esm|D:\Projects\daButtare\testKendoTheme\node_modules\@angular-devkit\build-angular\src\babel\webpack-loader.js??ruleSet[1].rules[2].use[0]!D:\Projects\daButtare\testKendoTheme\node_modules\source-map-loader\dist\cjs.js??ruleSet[1].rules[3]!D:\Projects\daButtare\testKendoTheme\node_modules\@angular\platform-browser\fesm2020\platform-browser.mjs': 1.7934 ms
    [webpack.cache.PackFileCacheStrategy] Serialization of 'Compilation/modules|javascript/esm|D:\Projects\daButtare\testKendoTheme\node_modules\@angular-devkit\build-angular\src\babel\webpack-loader.js??ruleSet[1].rules[2].use[0]!D:\Projects\daButtare\testKendoTheme\node_modules\source-map-loader\dist\cjs.js??ruleSet[1].rules[3]!D:\Projects\daButtare\testKendoTheme\node_modules\@angular\core\fesm2020\core.mjs': 1.5121 ms
    [webpack.cache.PackFileCacheStrategy] Serialization of 'ResolverCachePlugin|normal|default|fullySpecified=|false|dependencyType=|esm|path=|D:\Projects\daButtare\testKendoTheme\src\app|request=|@angular/router': 1.1448 ms
    [webpack.cache.PackFileCacheStrategy] Serialization of 'Compilation/modules|javascript/esm|D:\Projects\daButtare\testKendoTheme\node_modules\@angular-devkit\build-angular\src\babel\webpack-loader.js??ruleSet[1].rules[2].use[0]!D:\Projects\daButtare\testKendoTheme\node_modules\source-map-loader\dist\cjs.js??ruleSet[1].rules[3]!D:\Projects\daButtare\testKendoTheme\node_modules\@angular\router\fesm2020\router.mjs': 4.0746 ms
    [webpack.cache.PackFileCacheStrategy] Serialization of 'Compilation/modules|javascript/esm|D:\Projects\daButtare\testKendoTheme\node_modules\@angular-devkit\build-angular\src\babel\webpack-loader.js??ruleSet[1].rules[2].use[0]!D:\Projects\daButtare\testKendoTheme\node_modules\source-map-loader\dist\cjs.js??ruleSet[1].rules[3]!D:\Projects\daButtare\testKendoTheme\node_modules\@angular\common\fesm2020\common.mjs': 3.3595 ms
    [webpack.cache.PackFileCacheStrategy] Serialization of 'Compilation/modules|D:\Projects\daButtare\testKendoTheme\node_modules\@angular-devkit\build-angular\src\babel\webpack-loader.js??ruleSet[1].rules[2].use[0]!D:\Projects\daButtare\testKendoTheme\node_modules\source-map-loader\dist\cjs.js??ruleSet[1].rules[3]!D:\Projects\daButtare\testKendoTheme\node_modules\rxjs\dist\esm\index.js': 2.5723 ms
    [webpack.cache.PackFileCacheStrategy] Serialization of 'Compilation/modules|D:\Projects\daButtare\testKendoTheme\node_modules\@angular-devkit\build-angular\src\babel\webpack-loader.js??ruleSet[1].rules[2].use[0]!D:\Projects\daButtare\testKendoTheme\node_modules\source-map-loader\dist\cjs.js??ruleSet[1].rules[3]!D:\Projects\daButtare\testKendoTheme\node_modules\rxjs\dist\esm\operators\index.js': 1.0552 ms
    [webpack.cache.PackFileCacheStrategy] Serialization of 'Compilation/modules|D:\Projects\daButtare\testKendoTheme\node_modules\@angular-devkit\build-angular\src\babel\webpack-loader.js??ruleSet[1].rules[2].use[0]!D:\Projects\daButtare\testKendoTheme\node_modules\source-map-loader\dist\cjs.js??ruleSet[1].rules[3]!D:\Projects\daButtare\testKendoTheme\node_modules\rxjs\dist\esm\internal\operators\combineAll.js': 1.5258 ms
    [webpack.cache.PackFileCacheStrategy] Serialization of 'ResolverCachePlugin|normal|default|fullySpecified=|false|dependencyType=|esm|path=|D:\Projects\daButtare\testKendoTheme\node_modules\rxjs\dist\esm|request=|./internal/operators/bufferToggle': 1.5384 ms
    [webpack.cache.PackFileCacheStrategy] Serialization of 'ResolverCachePlugin|normal|default|conditionNames=[|0=|sass|1=|style|]|mainFields=[|0=|sass|1=|style|2=|main|3=|...|]|extensions=[|0=|.scss|1=|.sass|2=|.css|]|restrictions=[|0=[|]|]|preferRelative=|true|symlinks=|true|dependencyType=|sass-import|mainFiles=[|0=|_index.import|1=|_index|2=|index.import|3=|index|4=|...|]|path=|D:\Projects\daButtare\testKendoTheme|request=|@progress/kendo-theme-default/scss/table/_layout.scss': 1.9005 ms
<w> [webpack.cache.PackFileCacheStrategy] Serialization of 'Compilation/codeGeneration|D:\Projects\daButtare\testKendoTheme\node_modules\css-loader\dist\cjs.js??ruleSet[1].rules[6].rules[0].oneOf[0].use[1]!D:\Projects\daButtare\testKendoTheme\node_modules\postcss-loader\dist\cjs.js??ruleSet[1].rules[6].rules[0].oneOf[0].use[2]!D:\Projects\daButtare\testKendoTheme\node_modules\resolve-url-loader\index.js??ruleSet[1].rules[6].rules[1].use[0]!D:\Projects\daButtare\testKendoTheme\node_modules\sass-loader\dist\cjs.js??ruleSet[1].rules[6].rules[1].use[1]!D:\Projects\daButtare\testKendoTheme\src\styles.scss?ngGlobalStyle|build time': 266.6701 ms
    [webpack.cache.PackFileCacheStrategy] Serialization of 'Compilation/codeGeneration|D:\Projects\daButtare\testKendoTheme\node_modules\css-loader\dist\cjs.js??ruleSet[1].rules[6].rules[0].oneOf[0].use[1]!D:\Projects\daButtare\testKendoTheme\node_modules\postcss-loader\dist\cjs.js??ruleSet[1].rules[6].rules[0].oneOf[0].use[2]!D:\Projects\daButtare\testKendoTheme\node_modules\bootstrap-icons\font\bootstrap-icons.css|build time': 7.4616 ms
    [webpack.cache.PackFileCacheStrategy] Serialization of 'FlagDependencyExportsPlugin|javascript/esm|D:\Projects\daButtare\testKendoTheme\node_modules\@angular-devkit\build-angular\src\babel\webpack-loader.js??ruleSet[1].rules[2].use[0]!D:\Projects\daButtare\testKendoTheme\node_modules\source-map-loader\dist\cjs.js??ruleSet[1].rules[3]!D:\Projects\daButtare\testKendoTheme\node_modules\@angular\core\fesm2020\core.mjs': 2.4602 ms
    [webpack.cache.PackFileCacheStrategy] Serialization of 'Compilation/codeGeneration|D:\Projects\daButtare\testKendoTheme\node_modules\@angular-devkit\build-angular\src\babel\webpack-loader.js??ruleSet[1].rules[2].use[0]!D:\Projects\daButtare\testKendoTheme\node_modules\source-map-loader\dist\cjs.js??ruleSet[1].rules[3]!D:\Projects\daButtare\testKendoTheme\node_modules\webpack-dev-server\client\index.js?protocol=auto%3A&username=&password=&hostname=0.0.0.0&port=0&pathname=%2Fng-cli-ws&logging=info&overlay=%7B%22errors%22%3Atrue%2C%22warnings%22%3Afalse%7D&reconnect=10&hot=false&live-reload=true|runtime': 4.9289 ms
    [webpack.cache.PackFileCacheStrategy] Serialization of 'Compilation/codeGeneration|D:\Projects\daButtare\testKendoTheme\node_modules\@angular-devkit\build-angular\src\babel\webpack-loader.js??ruleSet[1].rules[2].use[0]!D:\Projects\daButtare\testKendoTheme\node_modules\source-map-loader\dist\cjs.js??ruleSet[1].rules[3]!D:\Projects\daButtare\testKendoTheme\node_modules\zone.js\fesm2015\zone.js|runtime': 3.9539 ms
    [webpack.cache.PackFileCacheStrategy] Serialization of 'Compilation/codeGeneration|D:\Projects\daButtare\testKendoTheme\node_modules\@angular-devkit\build-angular\src\babel\webpack-loader.jes\@angular\common\fesm2020\common.mjs|runtime': 11.1596 ms    [webpack.cache.PackFileCacheStrategy] Serialization of 'Compilation/codeGeneration|D:\Projects\daButtare\testKendoTheme\node_modules\@angular-devkit\build-angular\src\babel\webpack-loader.js??ruleSet[1].rules[2].use[0]!D:\Projects\daButtare\testKendoTheme\node_modules\source-map-loader\dist\cjs.js??ruleSet[1].rules[3]!D:\Projects\daButtare\testKendoTheme\node_modules\rxjs\dist\esm\internal\util\isArrayLike.js|runtime': 1.0219 ms<i> [webpack.cache.PackFileCacheStrategy] Serialization of 'Compilation/assets|chunkmain': 19.5694 ms
    [webpack.cache.PackFileCacheStrategy] Serialization of 'Compilation/assets|chunkpolyfills': 7.5176 ms<w> [webpack.cache.PackFileCacheStrategy] Serialization of 'Compilation/assets|mini-css-extract-plugin.styles': 222.5489 ms<i> [webpack.cache.PackFileCacheStrategy] Serialization of 'Compilation/assets|chunkstyles': 10.1644 ms<i> [webpack.cache.PackFileCacheStrategy] Serialization of 'Compilation/assets|chunkvendor': 29.5595 ms    [webpack.cache.PackFileCacheStrategy] Serialization of 'SourceMapDevToolPlugin|polyfills.js': 6.0298 ms<i> [webpack.cache.PackFileCacheStrategy] Serialization of 'SourceMapDevToolPlugin|styles.css': 47.5534 ms    [webpack.cache.PackFileCacheStrategy] Serialization of 'SourceMapDevToolPlugin|styles.js': 1.4672 ms<i> [webpack.cache.PackFileCacheStrategy] Serialization of 'SourceMapDevToolPlugin|vendor.js': 13.8697 ms<t> [webpack.cache.PackFileCacheStrategy] store pack: 1566.4243999999999 ms    [webpack.cache.PackFileCacheStrategy] Stored pack (1332 items, 2 files, 423 MiB)
